
START - day 1


START - hour 1

CRITIAL SECTION - admin Function
CRITIAL SECTION - Reader Function
CRITIAL SECTION - admin Function
CRITIAL SECTION - admin Function
CRITIAL SECTION - admin Function
CRITIAL SECTION - admin Function
CRITIAL SECTION - admin Function
CRITIAL SECTION - writer Function
CRITIAL SECTION - writer Function
CRITIAL SECTION - Reader Function
CRITIAL SECTION - Reader Function
CRITIAL SECTION - writer Function
CRITIAL SECTION - writer Function
CRITIAL SECTION - Reader Function
CRITIAL SECTION - Reader Function
CRITIAL SECTION - writer Function
CRITIAL SECTION - writer Function

START - hour 2

CRITIAL SECTION - admin Function
CRITIAL SECTION - Reader Function
CRITIAL SECTION - admin Function
CRITIAL SECTION - admin Function
CRITIAL SECTION - admin Function
CRITIAL SECTION - admin Function
CRITIAL SECTION - admin Function
CRITIAL SECTION - writer Function
CRITIAL SECTION - writer Function
CRITIAL SECTION - Reader Function
CRITIAL SECTION - Reader Function
CRITIAL SECTION - writer Function
CRITIAL SECTION - writer Function
CRITIAL SECTION - Reader Function
CRITIAL SECTION - Reader Function
CRITIAL SECTION - writer Function
CRITIAL SECTION - writer Function

START - hour 3

CRITIAL SECTION - admin Function
CRITIAL SECTION - Reader Function
CRITIAL SECTION - admin Function
CRITIAL SECTION - admin Function
CRITIAL SECTION - admin Function
CRITIAL SECTION - admin Function
CRITIAL SECTION - admin Function
CRITIAL SECTION - writer Function
CRITIAL SECTION - writer Function
CRITIAL SECTION - Reader Function
CRITIAL SECTION - Reader Function
CRITIAL SECTION - writer Function
CRITIAL SECTION - writer Function
CRITIAL SECTION - Reader Function
CRITIAL SECTION - Reader Function
CRITIAL SECTION - writer Function
CRITIAL SECTION - writer Function

START - hour 4

CRITIAL SECTION - admin Function
CRITIAL SECTION - Reader Function
CRITIAL SECTION - admin Function
CRITIAL SECTION - admin Function
CRITIAL SECTION - admin Function
CRITIAL SECTION - admin Function
CRITIAL SECTION - admin Function
CRITIAL SECTION - writer Function
CRITIAL SECTION - writer Function
CRITIAL SECTION - Reader Function
CRITIAL SECTION - Reader Function
CRITIAL SECTION - writer Function
CRITIAL SECTION - writer Function
CRITIAL SECTION - Reader Function
CRITIAL SECTION - writer Function
CRITIAL SECTION - Reader Function
CRITIAL SECTION - writer Function

START - hour 5

CRITIAL SECTION - admin Function
CRITIAL SECTION - Reader Function
CRITIAL SECTION - admin Function
CRITIAL SECTION - admin Function
CRITIAL SECTION - admin Function
CRITIAL SECTION - admin Function
CRITIAL SECTION - admin Function
CRITIAL SECTION - writer Function
CRITIAL SECTION - writer Function
CRITIAL SECTION - Reader Function
CRITIAL SECTION - Reader Function
CRITIAL SECTION - writer Function
CRITIAL SECTION - writer Function
CRITIAL SECTION - Reader Function
CRITIAL SECTION - Reader Function
CRITIAL SECTION - writer Function
CRITIAL SECTION - writer Function

START - hour 6

CRITIAL SECTION - admin Function
CRITIAL SECTION - Reader Function
CRITIAL SECTION - admin Function
CRITIAL SECTION - admin Function
CRITIAL SECTION - admin Function
CRITIAL SECTION - admin Function
CRITIAL SECTION - admin Function
CRITIAL SECTION - writer Function
CRITIAL SECTION - writer Function
CRITIAL SECTION - Reader Function
CRITIAL SECTION - Reader Function
CRITIAL SECTION - writer Function
CRITIAL SECTION - writer Function
CRITIAL SECTION - Reader Function
CRITIAL SECTION - Reader Function
CRITIAL SECTION - writer Function
CRITIAL SECTION - writer Function

START - hour 7

CRITIAL SECTION - admin Function
CRITIAL SECTION - Reader Function
CRITIAL SECTION - admin Function
CRITIAL SECTION - admin Function
CRITIAL SECTION - admin Function
CRITIAL SECTION - admin Function
CRITIAL SECTION - admin Function
CRITIAL SECTION - writer Function
CRITIAL SECTION - writer Function
CRITIAL SECTION - Reader Function
CRITIAL SECTION - Reader Function
CRITIAL SECTION - writer Function
CRITIAL SECTION - writer Function
CRITIAL SECTION - Reader Function
CRITIAL SECTION - Reader Function
CRITIAL SECTION - writer Function
CRITIAL SECTION - writer Function

START - hour 8

CRITIAL SECTION - admin Function
CRITIAL SECTION - Reader Function
CRITIAL SECTION - admin Function
CRITIAL SECTION - admin Function
CRITIAL SECTION - admin Function
CRITIAL SECTION - admin Function
CRITIAL SECTION - admin Function
CRITIAL SECTION - writer Function
CRITIAL SECTION - writer Function
CRITIAL SECTION - Reader Function
CRITIAL SECTION - writer Function
CRITIAL SECTION - Reader Function
CRITIAL SECTION - writer Function
CRITIAL SECTION - Reader Function
CRITIAL SECTION - Reader Function
CRITIAL SECTION - writer Function
CRITIAL SECTION - writer Function

START - hour 9

CRITIAL SECTION - admin Function
CRITIAL SECTION - Reader Function
CRITIAL SECTION - admin Function
CRITIAL SECTION - admin Function
CRITIAL SECTION - admin Function
CRITIAL SECTION - admin Function
CRITIAL SECTION - admin Function
CRITIAL SECTION - writer Function
CRITIAL SECTION - writer Function
CRITIAL SECTION - Reader Function
CRITIAL SECTION - Reader Function
CRITIAL SECTION - writer Function
CRITIAL SECTION - writer Function
CRITIAL SECTION - Reader Function
CRITIAL SECTION - Reader Function
CRITIAL SECTION - writer Function
CRITIAL SECTION - writer Function

START - hour 10

CRITIAL SECTION - admin Function
CRITIAL SECTION - Reader Function
CRITIAL SECTION - admin Function
CRITIAL SECTION - admin Function
CRITIAL SECTION - admin Function
CRITIAL SECTION - admin Function
CRITIAL SECTION - admin Function
CRITIAL SECTION - writer Function
CRITIAL SECTION - writer Function
CRITIAL SECTION - Reader Function
CRITIAL SECTION - Reader Function
CRITIAL SECTION - writer Function
CRITIAL SECTION - writer Function
CRITIAL SECTION - Reader Function
CRITIAL SECTION - writer Function
CRITIAL SECTION - Reader Function
CRITIAL SECTION - writer Function

START - hour 11

CRITIAL SECTION - admin Function
CRITIAL SECTION - Reader Function
CRITIAL SECTION - admin Function
CRITIAL SECTION - admin Function
CRITIAL SECTION - admin Function
CRITIAL SECTION - admin Function
CRITIAL SECTION - admin Function
CRITIAL SECTION - writer Function
CRITIAL SECTION - writer Function
CRITIAL SECTION - Reader Function
CRITIAL SECTION - Reader Function
CRITIAL SECTION - writer Function
CRITIAL SECTION - writer Function
CRITIAL SECTION - writer Function
CRITIAL SECTION - Reader Function
CRITIAL SECTION - writer Function
CRITIAL SECTION - Reader Function

START - hour 12

CRITIAL SECTION - admin Function
CRITIAL SECTION - Reader Function
CRITIAL SECTION - admin Function
CRITIAL SECTION - admin Function
CRITIAL SECTION - admin Function
CRITIAL SECTION - admin Function
CRITIAL SECTION - admin Function
CRITIAL SECTION - writer Function
CRITIAL SECTION - writer Function
CRITIAL SECTION - Reader Function
CRITIAL SECTION - Reader Function
CRITIAL SECTION - writer Function
CRITIAL SECTION - writer Function
CRITIAL SECTION - Reader Function
CRITIAL SECTION - Reader Function
CRITIAL SECTION - writer Function
CRITIAL SECTION - writer Function

START - hour 13

CRITIAL SECTION - admin Function
CRITIAL SECTION - Reader Function
CRITIAL SECTION - admin Function
CRITIAL SECTION - admin Function
CRITIAL SECTION - admin Function
CRITIAL SECTION - admin Function
CRITIAL SECTION - admin Function
CRITIAL SECTION - writer Function
CRITIAL SECTION - writer Function
CRITIAL SECTION - Reader Function
CRITIAL SECTION - Reader Function
CRITIAL SECTION - writer Function
CRITIAL SECTION - writer Function
CRITIAL SECTION - Reader Function
CRITIAL SECTION - writer Function
CRITIAL SECTION - Reader Function
CRITIAL SECTION - writer Function

START - hour 14

CRITIAL SECTION - admin Function
CRITIAL SECTION - Reader Function
CRITIAL SECTION - admin Function
CRITIAL SECTION - admin Function
CRITIAL SECTION - admin Function
CRITIAL SECTION - admin Function
CRITIAL SECTION - admin Function
CRITIAL SECTION - writer Function
CRITIAL SECTION - writer Function
CRITIAL SECTION - Reader Function
CRITIAL SECTION - Reader Function
CRITIAL SECTION - writer Function
CRITIAL SECTION - writer Function
CRITIAL SECTION - Reader Function
CRITIAL SECTION - Reader Function
CRITIAL SECTION - writer Function
CRITIAL SECTION - writer Function

START - hour 15

CRITIAL SECTION - admin Function
CRITIAL SECTION - Reader Function
CRITIAL SECTION - admin Function
CRITIAL SECTION - admin Function
CRITIAL SECTION - admin Function
CRITIAL SECTION - admin Function
CRITIAL SECTION - admin Function
CRITIAL SECTION - writer Function
CRITIAL SECTION - writer Function
CRITIAL SECTION - Reader Function
CRITIAL SECTION - Reader Function
CRITIAL SECTION - writer Function
CRITIAL SECTION - writer Function
CRITIAL SECTION - Reader Function
CRITIAL SECTION - Reader Function
CRITIAL SECTION - writer Function
CRITIAL SECTION - writer Function

START - hour 16

CRITIAL SECTION - admin Function
CRITIAL SECTION - Reader Function
CRITIAL SECTION - admin Function
CRITIAL SECTION - admin Function
CRITIAL SECTION - admin Function
CRITIAL SECTION - admin Function
CRITIAL SECTION - admin Function
CRITIAL SECTION - writer Function
CRITIAL SECTION - writer Function
CRITIAL SECTION - Reader Function
CRITIAL SECTION - Reader Function
CRITIAL SECTION - writer Function
CRITIAL SECTION - writer Function
CRITIAL SECTION - Reader Function
CRITIAL SECTION - Reader Function
CRITIAL SECTION - writer Function
CRITIAL SECTION - writer Function

START - hour 17

CRITIAL SECTION - admin Function
CRITIAL SECTION - Reader Function
CRITIAL SECTION - admin Function
CRITIAL SECTION - admin Function
CRITIAL SECTION - admin Function
CRITIAL SECTION - admin Function
CRITIAL SECTION - admin Function
CRITIAL SECTION - writer Function
CRITIAL SECTION - writer Function
CRITIAL SECTION - Reader Function
CRITIAL SECTION - Reader Function
CRITIAL SECTION - writer Function
CRITIAL SECTION - writer Function
CRITIAL SECTION - Reader Function
CRITIAL SECTION - Reader Function
CRITIAL SECTION - writer Function
CRITIAL SECTION - writer Function

START - hour 18

CRITIAL SECTION - admin Function
CRITIAL SECTION - Reader Function
CRITIAL SECTION - admin Function
CRITIAL SECTION - admin Function
CRITIAL SECTION - admin Function
CRITIAL SECTION - admin Function
CRITIAL SECTION - admin Function
CRITIAL SECTION - writer Function
CRITIAL SECTION - writer Function
CRITIAL SECTION - Reader Function
CRITIAL SECTION - Reader Function
CRITIAL SECTION - writer Function
CRITIAL SECTION - writer Function
CRITIAL SECTION - Reader Function
CRITIAL SECTION - Reader Function
CRITIAL SECTION - writer Function
CRITIAL SECTION - writer Function

START - hour 19

CRITIAL SECTION - admin Function
CRITIAL SECTION - Reader Function
CRITIAL SECTION - admin Function
CRITIAL SECTION - admin Function
CRITIAL SECTION - admin Function
CRITIAL SECTION - admin Function
CRITIAL SECTION - admin Function
CRITIAL SECTION - writer Function
CRITIAL SECTION - writer Function
CRITIAL SECTION - Reader Function
CRITIAL SECTION - Reader Function
CRITIAL SECTION - writer Function
CRITIAL SECTION - writer Function
CRITIAL SECTION - Reader Function
CRITIAL SECTION - Reader Function
CRITIAL SECTION - writer Function
CRITIAL SECTION - writer Function

START - hour 20

CRITIAL SECTION - admin Function
CRITIAL SECTION - Reader Function
CRITIAL SECTION - admin Function
CRITIAL SECTION - admin Function
CRITIAL SECTION - admin Function
CRITIAL SECTION - admin Function
CRITIAL SECTION - admin Function
CRITIAL SECTION - writer Function
CRITIAL SECTION - writer Function
CRITIAL SECTION - Reader Function
CRITIAL SECTION - Reader Function
CRITIAL SECTION - writer Function
CRITIAL SECTION - writer Function
CRITIAL SECTION - Reader Function
CRITIAL SECTION - Reader Function
CRITIAL SECTION - writer Function
CRITIAL SECTION - writer Function

START - hour 21

CRITIAL SECTION - admin Function
CRITIAL SECTION - Reader Function
CRITIAL SECTION - admin Function
CRITIAL SECTION - admin Function
CRITIAL SECTION - admin Function
CRITIAL SECTION - admin Function
CRITIAL SECTION - admin Function
CRITIAL SECTION - writer Function
CRITIAL SECTION - writer Function
CRITIAL SECTION - Reader Function
CRITIAL SECTION - Reader Function
CRITIAL SECTION - writer Function
CRITIAL SECTION - writer Function
CRITIAL SECTION - Reader Function
CRITIAL SECTION - Reader Function
CRITIAL SECTION - writer Function
CRITIAL SECTION - writer Function

START - hour 22

CRITIAL SECTION - admin Function
CRITIAL SECTION - Reader Function
CRITIAL SECTION - admin Function
CRITIAL SECTION - admin Function
CRITIAL SECTION - admin Function
CRITIAL SECTION - admin Function
CRITIAL SECTION - admin Function
CRITIAL SECTION - writer Function
CRITIAL SECTION - Reader Function
CRITIAL SECTION - writer Function
CRITIAL SECTION - writer Function
CRITIAL SECTION - Reader Function
CRITIAL SECTION - writer Function
CRITIAL SECTION - Reader Function
CRITIAL SECTION - Reader Function

START - day 1


START - hour 1

CRITIAL SECTION - Reader Function
CRITIAL SECTION - admin Function
CRITIAL SECTION - admin Function
CRITIAL SECTION - admin Function
CRITIAL SECTION - admin Function
CRITIAL SECTION - admin Function
CRITIAL SECTION - admin Function
CRITIAL SECTION - writer Function
CRITIAL SECTION - writer Function
CRITIAL SECTION - Reader Function
CRITIAL SECTION - Reader Function
CRITIAL SECTION - writer Function
CRITIAL SECTION - writer Function
CRITIAL SECTION - Reader Function
CRITIAL SECTION - Reader Function
CRITIAL SECTION - writer Function
CRITIAL SECTION - writer Function

START - hour 2

CRITIAL SECTION - admin Function
CRITIAL SECTION - Reader Function
CRITIAL SECTION - admin Function
CRITIAL SECTION - admin Function
CRITIAL SECTION - admin Function
CRITIAL SECTION - admin Function
CRITIAL SECTION - admin Function
CRITIAL SECTION - writer Function
CRITIAL SECTION - writer Function
CRITIAL SECTION - Reader Function
CRITIAL SECTION - Reader Function
CRITIAL SECTION - writer Function
CRITIAL SECTION - writer Function
CRITIAL SECTION - Reader Function
CRITIAL SECTION - Reader Function
CRITIAL SECTION - writer Function
CRITIAL SECTION - writer Function

START - hour 3

CRITIAL SECTION - admin Function
CRITIAL SECTION - Reader Function
CRITIAL SECTION - admin Function
CRITIAL SECTION - admin Function
CRITIAL SECTION - admin Function
CRITIAL SECTION - admin Function
CRITIAL SECTION - admin Function
CRITIAL SECTION - writer Function
CRITIAL SECTION - writer Function
CRITIAL SECTION - Reader Function
CRITIAL SECTION - Reader Function
CRITIAL SECTION - writer Function
CRITIAL SECTION - writer Function
CRITIAL SECTION - Reader Function
CRITIAL SECTION - Reader Function
CRITIAL SECTION - writer Function
CRITIAL SECTION - writer Function

START - hour 4

CRITIAL SECTION - admin Function
CRITIAL SECTION - Reader Function
CRITIAL SECTION - admin Function
CRITIAL SECTION - admin Function
CRITIAL SECTION - admin Function
CRITIAL SECTION - admin Function
CRITIAL SECTION - admin Function
CRITIAL SECTION - writer Function
CRITIAL SECTION - writer Function
CRITIAL SECTION - Reader Function
CRITIAL SECTION - Reader Function
CRITIAL SECTION - writer Function
CRITIAL SECTION - writer Function
CRITIAL SECTION - Reader Function
CRITIAL SECTION - Reader Function
CRITIAL SECTION - writer Function
CRITIAL SECTION - writer Function

START - hour 5

CRITIAL SECTION - admin Function
CRITIAL SECTION - Reader Function
CRITIAL SECTION - admin Function
CRITIAL SECTION - admin Function
CRITIAL SECTION - admin Function
CRITIAL SECTION - admin Function
CRITIAL SECTION - admin Function
CRITIAL SECTION - writer Function
CRITIAL SECTION - writer Function
CRITIAL SECTION - Reader Function
CRITIAL SECTION - Reader Function
CRITIAL SECTION - writer Function
CRITIAL SECTION - writer Function
CRITIAL SECTION - Reader Function
CRITIAL SECTION - Reader Function
CRITIAL SECTION - writer Function
CRITIAL SECTION - writer Function

START - hour 6

CRITIAL SECTION - admin Function
CRITIAL SECTION - Reader Function
CRITIAL SECTION - admin Function
CRITIAL SECTION - admin Function
CRITIAL SECTION - admin Function
CRITIAL SECTION - admin Function
CRITIAL SECTION - admin Function
CRITIAL SECTION - writer Function
CRITIAL SECTION - writer Function
CRITIAL SECTION - Reader Function
CRITIAL SECTION - Reader Function
CRITIAL SECTION - writer Function
CRITIAL SECTION - writer Function
CRITIAL SECTION - Reader Function
CRITIAL SECTION - Reader Function
CRITIAL SECTION - writer Function
CRITIAL SECTION - writer Function

START - hour 7

CRITIAL SECTION - admin Function
CRITIAL SECTION - Reader Function
CRITIAL SECTION - admin Function
CRITIAL SECTION - admin Function
CRITIAL SECTION - admin Function
CRITIAL SECTION - admin Function
CRITIAL SECTION - admin Function
CRITIAL SECTION - writer Function
CRITIAL SECTION - writer Function
CRITIAL SECTION - Reader Function
CRITIAL SECTION - writer Function
CRITIAL SECTION - Reader Function
CRITIAL SECTION - writer Function
CRITIAL SECTION - Reader Function
CRITIAL SECTION - Reader Function
CRITIAL SECTION - writer Function
CRITIAL SECTION - writer Function

START - hour 8

CRITIAL SECTION - admin Function
CRITIAL SECTION - admin Function
CRITIAL SECTION - writer Function
CRITIAL SECTION - admin Function
CRITIAL SECTION - admin Function
CRITIAL SECTION - admin Function
CRITIAL SECTION - admin Function
CRITIAL SECTION - writer Function
CRITIAL SECTION - writer Function
CRITIAL SECTION - Reader Function
CRITIAL SECTION - Reader Function
CRITIAL SECTION - Reader Function
CRITIAL SECTION - writer Function
CRITIAL SECTION - Reader Function
CRITIAL SECTION - Reader Function
CRITIAL SECTION - writer Function
CRITIAL SECTION - writer Function

START - hour 9

CRITIAL SECTION - admin Function
CRITIAL SECTION - Reader Function
CRITIAL SECTION - admin Function
CRITIAL SECTION - admin Function
CRITIAL SECTION - admin Function
CRITIAL SECTION - admin Function
CRITIAL SECTION - admin Function
CRITIAL SECTION - writer Function
CRITIAL SECTION - writer Function
CRITIAL SECTION - Reader Function
CRITIAL SECTION - Reader Function
CRITIAL SECTION - writer Function
CRITIAL SECTION - writer Function
CRITIAL SECTION - Reader Function
CRITIAL SECTION - Reader Function
CRITIAL SECTION - writer Function
CRITIAL SECTION - writer Function

START - hour 10

CRITIAL SECTION - admin Function
CRITIAL SECTION - Reader Function
CRITIAL SECTION - admin Function
CRITIAL SECTION - admin Function
CRITIAL SECTION - admin Function
CRITIAL SECTION - admin Function
CRITIAL SECTION - admin Function
CRITIAL SECTION - writer Function
CRITIAL SECTION - writer Function
CRITIAL SECTION - Reader Function
CRITIAL SECTION - Reader Function
CRITIAL SECTION - writer Function
CRITIAL SECTION - writer Function
CRITIAL SECTION - Reader Function
CRITIAL SECTION - Reader Function
CRITIAL SECTION - writer Function
CRITIAL SECTION - writer Function

START - hour 11

CRITIAL SECTION - admin Function
CRITIAL SECTION - Reader Function
CRITIAL SECTION - admin Function
CRITIAL SECTION - admin Function
CRITIAL SECTION - admin Function
CRITIAL SECTION - admin Function
CRITIAL SECTION - admin Function
CRITIAL SECTION - writer Function
CRITIAL SECTION - writer Function
CRITIAL SECTION - Reader Function
CRITIAL SECTION - Reader Function
CRITIAL SECTION - writer Function
CRITIAL SECTION - writer Function
CRITIAL SECTION - Reader Function
CRITIAL SECTION - Reader Function
CRITIAL SECTION - writer Function
CRITIAL SECTION - writer Function

START - hour 12

CRITIAL SECTION - admin Function
CRITIAL SECTION - Reader Function
CRITIAL SECTION - admin Function
CRITIAL SECTION - admin Function
CRITIAL SECTION - admin Function
CRITIAL SECTION - admin Function
CRITIAL SECTION - admin Function
CRITIAL SECTION - writer Function
CRITIAL SECTION - writer Function
CRITIAL SECTION - Reader Function
CRITIAL SECTION - Reader Function
CRITIAL SECTION - writer Function
CRITIAL SECTION - writer Function
CRITIAL SECTION - Reader Function
CRITIAL SECTION - Reader Function
CRITIAL SECTION - writer Function
CRITIAL SECTION - writer Function

START - hour 13

CRITIAL SECTION - admin Function
CRITIAL SECTION - Reader Function
CRITIAL SECTION - admin Function
CRITIAL SECTION - admin Function
CRITIAL SECTION - admin Function
CRITIAL SECTION - admin Function
CRITIAL SECTION - admin Function
CRITIAL SECTION - writer Function
CRITIAL SECTION - writer Function
CRITIAL SECTION - Reader Function
CRITIAL SECTION - Reader Function
CRITIAL SECTION - writer Function
CRITIAL SECTION - writer Function
CRITIAL SECTION - Reader Function
CRITIAL SECTION - Reader Function
CRITIAL SECTION - writer Function
CRITIAL SECTION - writer Function

START - hour 14

CRITIAL SECTION - admin Function
CRITIAL SECTION - Reader Function
CRITIAL SECTION - admin Function
CRITIAL SECTION - admin Function
CRITIAL SECTION - admin Function
CRITIAL SECTION - admin Function
CRITIAL SECTION - admin Function
CRITIAL SECTION - writer Function
CRITIAL SECTION - writer Function
CRITIAL SECTION - Reader Function
CRITIAL SECTION - Reader Function
CRITIAL SECTION - writer Function
CRITIAL SECTION - writer Function
CRITIAL SECTION - Reader Function
CRITIAL SECTION - Reader Function
CRITIAL SECTION - writer Function
CRITIAL SECTION - writer Function

START - hour 15

CRITIAL SECTION - admin Function
CRITIAL SECTION - Reader Function
CRITIAL SECTION - admin Function
CRITIAL SECTION - admin Function
CRITIAL SECTION - admin Function
CRITIAL SECTION - admin Function
CRITIAL SECTION - admin Function
CRITIAL SECTION - writer Function
CRITIAL SECTION - writer Function
CRITIAL SECTION - Reader Function
CRITIAL SECTION - Reader Function
CRITIAL SECTION - writer Function
CRITIAL SECTION - writer Function
CRITIAL SECTION - Reader Function
CRITIAL SECTION - Reader Function
CRITIAL SECTION - writer Function
CRITIAL SECTION - writer Function

START - hour 16

CRITIAL SECTION - admin Function
CRITIAL SECTION - Reader Function
CRITIAL SECTION - admin Function
CRITIAL SECTION - admin Function
CRITIAL SECTION - admin Function
CRITIAL SECTION - admin Function
CRITIAL SECTION - admin Function
CRITIAL SECTION - writer Function
CRITIAL SECTION - writer Function
CRITIAL SECTION - Reader Function
CRITIAL SECTION - Reader Function
CRITIAL SECTION - writer Function
CRITIAL SECTION - writer Function
CRITIAL SECTION - Reader Function
CRITIAL SECTION - Reader Function
CRITIAL SECTION - writer Function
CRITIAL SECTION - writer Function

START - hour 17

CRITIAL SECTION - admin Function
CRITIAL SECTION - Reader Function
CRITIAL SECTION - admin Function
CRITIAL SECTION - admin Function
CRITIAL SECTION - admin Function
CRITIAL SECTION - admin Function
CRITIAL SECTION - admin Function
CRITIAL SECTION - writer Function
CRITIAL SECTION - writer Function
CRITIAL SECTION - Reader Function
CRITIAL SECTION - Reader Function
CRITIAL SECTION - writer Function
CRITIAL SECTION - writer Function
CRITIAL SECTION - Reader Function
CRITIAL SECTION - Reader Function
CRITIAL SECTION - writer Function
CRITIAL SECTION - writer Function

START - hour 18

CRITIAL SECTION - admin Function
CRITIAL SECTION - Reader Function
CRITIAL SECTION - admin Function
CRITIAL SECTION - admin Function
CRITIAL SECTION - admin Function
CRITIAL SECTION - admin Function
CRITIAL SECTION - admin Function
CRITIAL SECTION - writer Function
CRITIAL SECTION - writer Function
CRITIAL SECTION - Reader Function
CRITIAL SECTION - Reader Function
CRITIAL SECTION - writer Function
CRITIAL SECTION - writer Function
CRITIAL SECTION - Reader Function
CRITIAL SECTION - Reader Function
CRITIAL SECTION - writer Function
CRITIAL SECTION - writer Function

START - hour 19

CRITIAL SECTION - admin Function
CRITIAL SECTION - Reader Function
CRITIAL SECTION - admin Function
CRITIAL SECTION - admin Function
CRITIAL SECTION - admin Function
CRITIAL SECTION - admin Function
CRITIAL SECTION - admin Function
CRITIAL SECTION - writer Function
CRITIAL SECTION - writer Function
CRITIAL SECTION - Reader Function
CRITIAL SECTION - Reader Function
CRITIAL SECTION - writer Function
CRITIAL SECTION - writer Function
CRITIAL SECTION - Reader Function
CRITIAL SECTION - Reader Function
CRITIAL SECTION - writer Function
CRITIAL SECTION - writer Function

START - hour 20

CRITIAL SECTION - admin Function
CRITIAL SECTION - Reader Function
CRITIAL SECTION - admin Function
CRITIAL SECTION - admin Function
CRITIAL SECTION - admin Function
CRITIAL SECTION - admin Function
CRITIAL SECTION - admin Function
CRITIAL SECTION - writer Function
CRITIAL SECTION - writer Function
CRITIAL SECTION - Reader Function
CRITIAL SECTION - Reader Function
CRITIAL SECTION - writer Function
CRITIAL SECTION - writer Function
CRITIAL SECTION - Reader Function
CRITIAL SECTION - Reader Function
CRITIAL SECTION - writer Function
CRITIAL SECTION - writer Function

START - hour 21

CRITIAL SECTION - admin Function
CRITIAL SECTION - Reader Function
CRITIAL SECTION - admin Function
CRITIAL SECTION - admin Function
CRITIAL SECTION - admin Function
CRITIAL SECTION - admin Function
CRITIAL SECTION - admin Function
CRITIAL SECTION - writer Function
CRITIAL SECTION - writer Function
CRITIAL SECTION - Reader Function
CRITIAL SECTION - Reader Function
CRITIAL SECTION - writer Function
CRITIAL SECTION - writer Function
CRITIAL SECTION - Reader Function
CRITIAL SECTION - Reader Function
CRITIAL SECTION - writer Function
CRITIAL SECTION - writer Function

START - hour 22

CRITIAL SECTION - admin Function
CRITIAL SECTION - Reader Function
CRITIAL SECTION - admin Function
CRITIAL SECTION - admin Function
CRITIAL SECTION - admin Function
CRITIAL SECTION - admin Function
CRITIAL SECTION - admin Function
CRITIAL SECTION - writer Function
CRITIAL SECTION - writer Function
CRITIAL SECTION - Reader Function
CRITIAL SECTION - Reader Function
CRITIAL SECTION - writer Function
CRITIAL SECTION - writer Function
CRITIAL SECTION - Reader Function
CRITIAL SECTION - Reader Function
CRITIAL SECTION - writer Function
CRITIAL SECTION - writer Function

START - hour 23

CRITIAL SECTION - admin Function
CRITIAL SECTION - Reader Function
CRITIAL SECTION - admin Function
CRITIAL SECTION - admin Function
CRITIAL SECTION - admin Function
CRITIAL SECTION - admin Function
CRITIAL SECTION - admin Function
CRITIAL SECTION - writer Function
CRITIAL SECTION - writer Function
CRITIAL SECTION - Reader Function
CRITIAL SECTION - Reader Function
CRITIAL SECTION - writer Function
CRITIAL SECTION - writer Function
CRITIAL SECTION - Reader Function
CRITIAL SECTION - Reader Function
CRITIAL SECTION - writer Function
CRITIAL SECTION - writer Function

START - hour 24

CRITIAL SECTION - admin Function
CRITIAL SECTION - Reader Function
CRITIAL SECTION - admin Function
CRITIAL SECTION - admin Function
CRITIAL SECTION - admin Function
CRITIAL SECTION - admin Function
CRITIAL SECTION - admin Function
CRITIAL SECTION - writer Function
CRITIAL SECTION - writer Function
CRITIAL SECTION - Reader Function
CRITIAL SECTION - Reader Function
CRITIAL SECTION - writer Function
CRITIAL SECTION - writer Function
CRITIAL SECTION - Reader Function
CRITIAL SECTION - Reader Function
CRITIAL SECTION - writer Function
CRITIAL SECTION - writer Function

START - day 2


START - hour 1

CRITIAL SECTION - admin Function
CRITIAL SECTION - Reader Function
CRITIAL SECTION - admin Function
CRITIAL SECTION - admin Function
CRITIAL SECTION - admin Function
CRITIAL SECTION - admin Function
CRITIAL SECTION - admin Function
CRITIAL SECTION - writer Function
CRITIAL SECTION - writer Function
CRITIAL SECTION - Reader Function
CRITIAL SECTION - Reader Function
CRITIAL SECTION - writer Function
CRITIAL SECTION - writer Function
CRITIAL SECTION - Reader Function
CRITIAL SECTION - Reader Function
CRITIAL SECTION - writer Function
CRITIAL SECTION - writer Function

START - hour 2

CRITIAL SECTION - admin Function
CRITIAL SECTION - Reader Function
CRITIAL SECTION - admin Function
CRITIAL SECTION - admin Function
CRITIAL SECTION - admin Function
CRITIAL SECTION - admin Function
CRITIAL SECTION - admin Function
CRITIAL SECTION - writer Function
CRITIAL SECTION - writer Function
CRITIAL SECTION - Reader Function
CRITIAL SECTION - Reader Function
CRITIAL SECTION - writer Function
CRITIAL SECTION - writer Function
CRITIAL SECTION - Reader Function
CRITIAL SECTION - Reader Function
CRITIAL SECTION - writer Function
CRITIAL SECTION - writer Function

START - hour 3

CRITIAL SECTION - admin Function
CRITIAL SECTION - Reader Function
CRITIAL SECTION - admin Function
CRITIAL SECTION - admin Function
CRITIAL SECTION - admin Function
CRITIAL SECTION - admin Function
CRITIAL SECTION - admin Function
CRITIAL SECTION - writer Function
CRITIAL SECTION - writer Function
CRITIAL SECTION - Reader Function
CRITIAL SECTION - Reader Function
CRITIAL SECTION - writer Function
CRITIAL SECTION - writer Function
CRITIAL SECTION - Reader Function
CRITIAL SECTION - Reader Function
CRITIAL SECTION - writer Function
CRITIAL SECTION - writer Function

START - hour 4

CRITIAL SECTION - admin Function
CRITIAL SECTION - Reader Function
CRITIAL SECTION - admin Function
CRITIAL SECTION - admin Function
CRITIAL SECTION - admin Function
CRITIAL SECTION - admin Function
CRITIAL SECTION - admin Function
CRITIAL SECTION - writer Function
CRITIAL SECTION - writer Function
CRITIAL SECTION - Reader Function
CRITIAL SECTION - Reader Function
CRITIAL SECTION - writer Function
CRITIAL SECTION - writer Function
CRITIAL SECTION - Reader Function
CRITIAL SECTION - Reader Function
CRITIAL SECTION - writer Function
CRITIAL SECTION - writer Function

START - hour 5

CRITIAL SECTION - Reader Function
CRITIAL SECTION - admin Function
CRITIAL SECTION - admin Function
CRITIAL SECTION - admin Function
CRITIAL SECTION - admin Function
CRITIAL SECTION - admin Function
CRITIAL SECTION - admin Function
CRITIAL SECTION - writer Function
CRITIAL SECTION - writer Function
CRITIAL SECTION - Reader Function
CRITIAL SECTION - Reader Function
CRITIAL SECTION - writer Function
CRITIAL SECTION - writer Function
CRITIAL SECTION - Reader Function
CRITIAL SECTION - Reader Function
CRITIAL SECTION - writer Function
CRITIAL SECTION - writer Function

START - hour 6

CRITIAL SECTION - admin Function
CRITIAL SECTION - Reader Function
CRITIAL SECTION - admin Function
CRITIAL SECTION - admin Function
CRITIAL SECTION - admin Function
CRITIAL SECTION - admin Function
CRITIAL SECTION - admin Function
CRITIAL SECTION - writer Function
CRITIAL SECTION - writer Function
CRITIAL SECTION - Reader Function
CRITIAL SECTION - Reader Function
CRITIAL SECTION - writer Function
CRITIAL SECTION - Reader Function
CRITIAL SECTION - Reader Function
CRITIAL SECTION - writer Function
CRITIAL SECTION - writer Function
CRITIAL SECTION - writer Function

START - hour 7

CRITIAL SECTION - admin Function
CRITIAL SECTION - Reader Function
CRITIAL SECTION - admin Function
CRITIAL SECTION - admin Function
CRITIAL SECTION - admin Function
CRITIAL SECTION - admin Function
CRITIAL SECTION - admin Function
CRITIAL SECTION - writer Function
CRITIAL SECTION - writer Function
CRITIAL SECTION - Reader Function
CRITIAL SECTION - Reader Function
CRITIAL SECTION - writer Function
CRITIAL SECTION - writer Function
CRITIAL SECTION - Reader Function
CRITIAL SECTION - Reader Function
CRITIAL SECTION - writer Function
CRITIAL SECTION - writer Function

START - hour 8

CRITIAL SECTION - admin Function
CRITIAL SECTION - Reader Function
CRITIAL SECTION - admin Function
CRITIAL SECTION - admin Function
CRITIAL SECTION - admin Function
CRITIAL SECTION - admin Function
CRITIAL SECTION - admin Function
CRITIAL SECTION - writer Function
CRITIAL SECTION - writer Function
CRITIAL SECTION - Reader Function
CRITIAL SECTION - Reader Function
CRITIAL SECTION - writer Function
CRITIAL SECTION - writer Function
CRITIAL SECTION - Reader Function
CRITIAL SECTION - Reader Function
CRITIAL SECTION - writer Function
CRITIAL SECTION - writer Function

START - hour 9

CRITIAL SECTION - admin Function
CRITIAL SECTION - Reader Function
CRITIAL SECTION - admin Function
CRITIAL SECTION - admin Function
CRITIAL SECTION - admin Function
CRITIAL SECTION - admin Function
CRITIAL SECTION - admin Function
CRITIAL SECTION - writer Function
CRITIAL SECTION - writer Function
CRITIAL SECTION - Reader Function
CRITIAL SECTION - Reader Function
CRITIAL SECTION - writer Function
CRITIAL SECTION - writer Function
CRITIAL SECTION - Reader Function
CRITIAL SECTION - Reader Function
CRITIAL SECTION - writer Function
CRITIAL SECTION - writer Function

START - hour 10


START - day 1


START - hour 1

WRITER - new writer
current number of readers: 4
WRITER - new writer
ADMIN - new admin
WRITER - new writer
ADMIN - new admin
READER - new reader, current number of readers: 1
WRITER - new writer
READER - CRITICAL SECTION
READER - new reader, current number of readers: 2
CRITIAL SECTION - Reader Function
READER - CRITICAL SECTION FIN
CRITIAL SECTION - admin Function
ADMIN - CRITICAL SECTION FIN
WRITER - new writer
ADMIN - new admin
CRITIAL SECTION - admin Function
ADMIN - new admin
ADMIN - CRITICAL SECTION FIN
CRITIAL SECTION - admin Function
ADMIN - CRITICAL SECTION FIN
WRITER - Critic section
CRITIAL SECTION - writer Function
WRITER - Critic section FIN
CRITIAL SECTION - admin Function
ADMIN - CRITICAL SECTION FIN
CRITIAL SECTION - admin Function
ADMIN - CRITICAL SECTION FIN
CRITIAL SECTION - admin Function
ADMIN - CRITICAL SECTION FIN
WRITER - Critic section
CRITIAL SECTION - writer Function
WRITER - Critic section FIN
READER - CRITICAL SECTION
CRITIAL SECTION - Reader Function
READER - CRITICAL SECTION FIN
READER - CRITICAL SECTION
CRITIAL SECTION - Reader Function
READER - CRITICAL SECTION FIN
WRITER - Critic section
CRITIAL SECTION - writer Function
WRITER - Critic section FIN
WRITER - Critic section
CRITIAL SECTION - writer Function
WRITER - Critic section FIN
READER - CRITICAL SECTION
CRITIAL SECTION - Reader Function
READER - CRITICAL SECTION FIN
WRITER - Critic section
CRITIAL SECTION - writer Function
WRITER - Critic section FIN
READER - CRITICAL SECTION
CRITIAL SECTION - Reader Function
READER - CRITICAL SECTION FIN
WRITER - Critic section
CRITIAL SECTION - writer Function
WRITER - Critic section FIN

START - hour 2

ADMIN - new admin

current number of readers: 5
READER - new reader, current number of readers: 4
WRITER - Critic section
WRITER - new writer
ADMIN - new admin
ADMIN - new admin
WRITER - new writer
READER - new reader, current number of readers: 1
ADMIN - new admin
READER - new reader, current number of readers: 3
ADMIN - new admin
WRITER - new writer
READER - new reader, current number of readers: 2
ADMIN - new admin
CRITIAL SECTION - writer Function
WRITER - Critic section FIN
CRITIAL SECTION - admin Function
ADMIN - CRITICAL SECTION FIN
CRITIAL SECTION - admin Function
ADMIN - CRITICAL SECTION FIN
CRITIAL SECTION - admin Function
ADMIN - CRITICAL SECTION FIN
CRITIAL SECTION - admin Function
ADMIN - CRITICAL SECTION FIN
CRITIAL SECTION - admin Function
ADMIN - CRITICAL SECTION FIN
CRITIAL SECTION - admin Function
ADMIN - CRITICAL SECTION FIN
WRITER - Critic section
CRITIAL SECTION - writer Function
WRITER - Critic section FIN
READER - CRITICAL SECTION
CRITIAL SECTION - Reader Function
READER - CRITICAL SECTION FIN
WRITER - Critic section
CRITIAL SECTION - writer Function
WRITER - Critic section FIN
READER - CRITICAL SECTION
CRITIAL SECTION - Reader Function
READER - CRITICAL SECTION FIN
WRITER - Critic section
CRITIAL SECTION - writer Function
WRITER - Critic section FIN
WRITER - Critic section
CRITIAL SECTION - writer Function
WRITER - Critic section FIN
READER - CRITICAL SECTION
CRITIAL SECTION - Reader Function
READER - CRITICAL SECTION FIN
READER - CRITICAL SECTION
CRITIAL SECTION - Reader Function
READER - CRITICAL SECTION FIN
WRITER - Critic section
CRITIAL SECTION - writer Function
WRITER - Critic section FIN
READER - CRITICAL SECTION
CRITIAL SECTION - Reader Function
READER - CRITICAL SECTION FIN

START - hour 3

WRITER - new writer
ADMIN - new admin
ADMIN - new admin
READER - new reader, current number of readers: 5
READER - new reader, current number of readers: 4
WRITER - new writer
ADMIN - new admin
READER - new reader, current number of readers: 2
READER - new reader, current number of readers: 3
ADMIN - new admin
READER - new reader, current number of readers: 1
WRITER - new writer
WRITER - Critic section
WRITER - new writer
ADMIN - new admin
CRITIAL SECTION - writer Function
WRITER - Critic section FIN
CRITIAL SECTION - admin Function
ADMIN - CRITICAL SECTION FIN
CRITIAL SECTION - admin Function
ADMIN - CRITICAL SECTION FIN
CRITIAL SECTION - admin Function
ADMIN - CRITICAL SECTION FIN
CRITIAL SECTION - admin Function
ADMIN - CRITICAL SECTION FIN
CRITIAL SECTION - admin Function
ADMIN - CRITICAL SECTION FIN
CRITIAL SECTION - admin Function
ADMIN - CRITICAL SECTION FIN
WRITER - Critic section
CRITIAL SECTION - writer Function
WRITER - Critic section FIN
READER - CRITICAL SECTION
CRITIAL SECTION - Reader Function
READER - CRITICAL SECTION FIN
READER - CRITICAL SECTION
CRITIAL SECTION - Reader Function
READER - CRITICAL SECTION FIN
WRITER - Critic section
CRITIAL SECTION - writer Function
WRITER - Critic section FIN
WRITER - Critic section
CRITIAL SECTION - writer Function
WRITER - Critic section FIN
READER - CRITICAL SECTION
CRITIAL SECTION - Reader Function
READER - CRITICAL SECTION FIN
READER - CRITICAL SECTION
CRITIAL SECTION - Reader Function
READER - CRITICAL SECTION FIN
READER - CRITICAL SECTION
CRITIAL SECTION - Reader Function
READER - CRITICAL SECTION FIN
WRITER - Critic section
CRITIAL SECTION - writer Function
WRITER - Critic section FIN
WRITER - Critic section
CRITIAL SECTION - writer Function
WRITER - Critic section FIN

START - hour 4

READER - new reader, current number of readers: 1
WRITER - new writer
CRITIAL SECTION - admin Function
ADMIN - CRITICAL SECTION FIN
WRITER - Critic section
CRITIAL SECTION - writer Function
WRITER - Critic section FIN
CRITIAL SECTION - admin Function
ADMIN - CRITICAL SECTION FIN
CRITIAL SECTION - admin Function
ADMIN - CRITICAL SECTION FIN
CRITIAL SECTION - admin Function
ADMIN - CRITICAL SECTION FIN
CRITIAL SECTION - admin Function
ADMIN - CRITICAL SECTION FIN
CRITIAL SECTION - admin Function
ADMIN - CRITICAL SECTION FIN
